<?xml version="1.0" encoding="UTF-8"?>
<!-- Generated by org.testng.reporters.JUnitReportReporter -->
<testsuite skipped="0" hostname="LAPTOP-4603CCJA" name="Salesforce.sdfc.AutomationTest" tests="5" failures="0" timestamp="18 Jul 2019 23:00:43 GMT" time="131.905" errors="0">
  <testcase name="launchUrl" time="14.812" classname="Salesforce.sdfc.AutomationTest"/>
  <testcase name="TC1_login" time="32.612" classname="Salesforce.sdfc.AutomationTest"/>
  <testcase name="TC2_loginError" time="22.909" classname="Salesforce.sdfc.AutomationTest"/>
  <testcase name="login" time="35.489" classname="Salesforce.sdfc.AutomationTest"/>
  <testcase name="TC3_CheckRememberme" time="26.083" classname="Salesforce.sdfc.AutomationTest"/>
</testsuite> <!-- Salesforce.sdfc.AutomationTest -->
